<?xml version="1.0" encoding="UTF-8"?>
<testng-results skipped="0" failed="0" ignored="0" total="1" passed="1">
  <reporter-output>
  </reporter-output>
  <suite name="Default suite" duration-ms="52348" started-at="2019-03-19T08:19:02Z" finished-at="2019-03-19T08:19:54Z">
    <groups>
    </groups>
    <test name="Default test" duration-ms="52348" started-at="2019-03-19T08:19:02Z" finished-at="2019-03-19T08:19:54Z">
      <class name="com.select.HandlingDropDown">
        <test-method status="PASS" signature="setup()[pri:0, instance:com.select.HandlingDropDown@4a52ec]" name="setup" is-config="true" duration-ms="26683" started-at="2019-03-19T08:19:02Z" finished-at="2019-03-19T08:19:29Z">
          <reporter-output>
          </reporter-output>
        </test-method> <!-- setup -->
        <test-method status="PASS" signature="testSelectFunctionally()[pri:0, instance:com.select.HandlingDropDown@4a52ec]" name="testSelectFunctionally" duration-ms="25441" started-at="2019-03-19T08:19:29Z" finished-at="2019-03-19T08:19:54Z">
          <reporter-output>
          </reporter-output>
        </test-method> <!-- testSelectFunctionally -->
      </class> <!-- com.select.HandlingDropDown -->
    </test> <!-- Default test -->
  </suite> <!-- Default suite -->
</testng-results>
